Installing dependencies from lock file

No dependencies to install or update

Installing the current project: similarity-factorization (0.0.1)
running analysis for peterson-animals
[0;32mRunning experiment: similarity_analysis[0m
[1;33mWorking directory: experiments/similarity_analysis[0m

                                  
================================= 
Global information about the job: 
================================= 
  
Job owner: fmahner(50045)
Job name:  debug_peterson-animals
Node list: raven05
Job start: Thu Oct  2 16:43:33 CEST 2025
Job end:   Thu Oct  2 16:43:49 CEST 2025
Work dir:  /u/fmahner/similarity-factorization
Command:   /u/fmahner/similarity-factorization/experiments/similarity_analysis/logs/debug_peterson-animals.sbatch
  
  
  
==========================================================================================
Information on jobsteps (Note: MaxRSS/AveRSS is the maximum/average over all 
tasks of the per-task memory high-water marks; cf. "man sacct"): 
==========================================================================================
  
JobID            JobName NNodes NTasks  NCPUS       MaxRSS       AveRSS    Elapsed ExitCode
------------- ---------- ------ ------ ------ ------------ ------------ ---------- --------
22297825      debug_pete      1             8                             00:00:16      1:0
22297825.0           run      1      1      8        1.85M        1.85M   00:00:11      1:0
  
Maximum memory per node: 0.001945 GB (defined as MaxRSS*Ntasks/NNodes)
CPU utilization: 0.0 %
  
