Installing dependencies from lock file

No dependencies to install or update

Installing the current project: similarity-factorization (0.0.1)
running analysis for peterson-animals
similarity matrix shape: (120, 120)
rank grid: 1 to 30
effective dimension :  1.6824699185057372
1.9560732006291868 2.8939709504473936
1.83826196620073 5.936928308208044
1.9747232165124768 5.936928308208044
110.38433488398526 0.12703071022829476
p_min 0.675913212026813
empirical_p_min 0.309631828240078
empirical_p_min_alternative 0.3326169887856557
theory_p_min 868.9578660593704
[sanity] p=0.99: bulk=7.027, count_out=43, lambda1=312.5, lambda2=148.2
p*=0.3578, bulk=43.8794, count_out(p*)=2
Estimated sampling bounds: pmin=0.1794, pmax=0.4851
Using sampling_fraction=0.3323
Running 60 jobs (30 params x 2 CV splits)
Fitting 5 stable runs with rank=3
Clustering stable embeddings
[0;32mRunning experiment: similarity_analysis[0m
[1;33mWorking directory: experiments/similarity_analysis[0m

                                  
================================= 
Global information about the job: 
================================= 
  
Job owner: fmahner(50045)
Job name:  debug_peterson-animals
Node list: raven05
Job start: Thu Oct  2 16:47:15 CEST 2025
Job end:   Thu Oct  2 16:47:46 CEST 2025
Work dir:  /u/fmahner/similarity-factorization
Command:   /u/fmahner/similarity-factorization/experiments/similarity_analysis/logs/debug_peterson-animals.sbatch
  
  
  
==========================================================================================
Information on jobsteps (Note: MaxRSS/AveRSS is the maximum/average over all 
tasks of the per-task memory high-water marks; cf. "man sacct"): 
==========================================================================================
  
JobID            JobName NNodes NTasks  NCPUS       MaxRSS       AveRSS    Elapsed ExitCode
------------- ---------- ------ ------ ------ ------------ ------------ ---------- --------
22297880      debug_pete      1             8                             00:00:31      1:0
22297880.0           run      1      1      8        1.86M        1.86M   00:00:25      1:0
  
Maximum memory per node: 0.001956 GB (defined as MaxRSS*Ntasks/NNodes)
CPU utilization: 0.0 %
  
