Installing dependencies from lock file

No dependencies to install or update

Installing the current project: similarity-factorization (0.0.1)
                                  
================================= 
Global information about the job: 
================================= 
  
Job owner: fmahner(50045)
Job name:  debug_peterson-animals
Node list: raven05
Job start: Thu Oct  2 16:27:54 CEST 2025
Job end:   Thu Oct  2 16:28:06 CEST 2025
Work dir:  /u/fmahner/similarity-factorization
Command:   /u/fmahner/similarity-factorization/experiments/similarity_analysis/logs/debug_peterson-animals.sbatch
  
  
  
==========================================================================================
Information on jobsteps (Note: MaxRSS/AveRSS is the maximum/average over all 
tasks of the per-task memory high-water marks; cf. "man sacct"): 
==========================================================================================
  
JobID            JobName NNodes NTasks  NCPUS       MaxRSS       AveRSS    Elapsed ExitCode
------------- ---------- ------ ------ ------ ------------ ------------ ---------- --------
22297658      debug_pete      1             8                             00:00:12      1:0
22297658.0        poetry      1      1      8        1.83M        1.83M   00:00:07      1:0
  
Maximum memory per node: 0.001954 GB (defined as MaxRSS*Ntasks/NNodes)
CPU utilization: 0.0 %
  
